<?xml version="1.0" encoding="UTF-8"?>
<coverage generated="1754077203795" clover="3.2.0">
  <project timestamp="1754077203795" name="All files">
    <metrics statements="13" coveredstatements="13" conditionals="6" coveredconditionals="6" methods="5" coveredmethods="5" elements="24" coveredelements="24" complexity="0" loc="13" ncloc="13" packages="1" files="2" classes="2"/>
    <file name="App.js" path="/Users/lilianachacha/Documents/calculadora-suma/src/App.js">
      <metrics statements="12" coveredstatements="12" conditionals="6" coveredconditionals="6" methods="4" coveredmethods="4"/>
      <line num="6" count="6" type="stmt"/>
      <line num="7" count="6" type="stmt"/>
      <line num="8" count="6" type="stmt"/>
      <line num="10" count="6" type="stmt"/>
      <line num="11" count="2" type="cond" truecount="4" falsecount="0"/>
      <line num="12" count="1" type="stmt"/>
      <line num="13" count="1" type="stmt"/>
      <line num="15" count="1" type="stmt"/>
      <line num="16" count="1" type="stmt"/>
      <line num="19" count="6" type="stmt"/>
      <line num="25" count="1" type="stmt"/>
      <line num="31" count="1" type="stmt"/>
    </file>
    <file name="Calculadora.js" path="/Users/lilianachacha/Documents/calculadora-suma/src/Calculadora.js">
      <metrics statements="1" coveredstatements="1" conditionals="0" coveredconditionals="0" methods="1" coveredmethods="1"/>
      <line num="2" count="3" type="stmt"/>
    </file>
  </project>
</coverage>
