{"/Users/lilianachacha/Documents/calculadora-suma/src/App.js": {"path":"/Users/lilianachacha/Documents/calculadora-suma/src/App.js","statementMap":{"0":{"start":{"line":6,"column":26},"end":{"line":6,"column":38}},"1":{"start":{"line":7,"column":26},"end":{"line":7,"column":38}},"2":{"start":{"line":8,"column":36},"end":{"line":8,"column":50}},"3":{"start":{"line":10,"column":33},"end":{"line":17,"column":3}},"4":{"start":{"line":11,"column":4},"end":{"line":14,"column":5}},"5":{"start":{"line":12,"column":6},"end":{"line":12,"column":25}},"6":{"start":{"line":13,"column":6},"end":{"line":13,"column":13}},"7":{"start":{"line":15,"column":17},"end":{"line":15,"column":58}},"8":{"start":{"line":16,"column":4},"end":{"line":16,"column":23}},"9":{"start":{"line":19,"column":2},"end":{"line":37,"column":4}},"10":{"start":{"line":25,"column":25},"end":{"line":25,"column":48}},"11":{"start":{"line":31,"column":25},"end":{"line":31,"column":48}}},"fnMap":{"0":{"name":"App","decl":{"start":{"line":5,"column":9},"end":{"line":5,"column":12}},"loc":{"start":{"line":5,"column":15},"end":{"line":38,"column":1}},"line":5},"1":{"name":"(anonymous_1)","decl":{"start":{"line":10,"column":33},"end":{"line":10,"column":34}},"loc":{"start":{"line":10,"column":39},"end":{"line":17,"column":3}},"line":10},"2":{"name":"(anonymous_2)","decl":{"start":{"line":25,"column":18},"end":{"line":25,"column":19}},"loc":{"start":{"line":25,"column":25},"end":{"line":25,"column":48}},"line":25},"3":{"name":"(anonymous_3)","decl":{"start":{"line":31,"column":18},"end":{"line":31,"column":19}},"loc":{"start":{"line":31,"column":25},"end":{"line":31,"column":48}},"line":31}},"branchMap":{"0":{"loc":{"start":{"line":11,"column":4},"end":{"line":14,"column":5}},"type":"if","locations":[{"start":{"line":11,"column":4},"end":{"line":14,"column":5}},{"start":{},"end":{}}],"line":11},"1":{"loc":{"start":{"line":11,"column":8},"end":{"line":11,"column":34}},"type":"binary-expr","locations":[{"start":{"line":11,"column":8},"end":{"line":11,"column":19}},{"start":{"line":11,"column":23},"end":{"line":11,"column":34}}],"line":11},"2":{"loc":{"start":{"line":35,"column":7},"end":{"line":35,"column":60}},"type":"binary-expr","locations":[{"start":{"line":35,"column":7},"end":{"line":35,"column":25}},{"start":{"line":35,"column":29},"end":{"line":35,"column":60}}],"line":35}},"s":{"0":6,"1":6,"2":6,"3":6,"4":2,"5":1,"6":1,"7":1,"8":1,"9":6,"10":1,"11":1},"f":{"0":6,"1":2,"2":1,"3":1},"b":{"0":[1,1],"1":[2,1],"2":[6,1]},"_coverageSchema":"1a1c01bbd47fc00a2c39e90264f33305004495a9","hash":"a37803d048660ed3874acbbf4199e49831034e05"}
,"/Users/lilianachacha/Documents/calculadora-suma/src/Calculadora.js": {"path":"/Users/lilianachacha/Documents/calculadora-suma/src/Calculadora.js","statementMap":{"0":{"start":{"line":2,"column":4},"end":{"line":2,"column":17}}},"fnMap":{"0":{"name":"sumar","decl":{"start":{"line":1,"column":16},"end":{"line":1,"column":21}},"loc":{"start":{"line":1,"column":28},"end":{"line":3,"column":1}},"line":1}},"branchMap":{},"s":{"0":3},"f":{"0":3},"b":{},"_coverageSchema":"1a1c01bbd47fc00a2c39e90264f33305004495a9","hash":"d0565e65752ce5542d2f97d18e968dfa7b0db5ad"}
}
